[23-08-2024 11:30:54] INFO: Server is working...
[23-08-2024 11:30:55] INFO: Server is working...
[23-08-2024 16:08:47] INFO: AdminController getById: /admin/5065433124000
[23-08-2024 16:09:52] INFO: AdminController getById: /admin/5065433124000
[23-08-2024 16:09:52] INFO: API GET: https://api.claris.su/main/vNext/v1/documents/5065433124000
[23-08-2024 16:09:52] INFO: Получение токена
[23-08-2024 16:09:52] ERROR: Ошибка авторизации  - получение нового токена по chat_id: undefined
[23-08-2024 16:09:52] ERROR: 401: Необходима авторизация в системе Кларис
[23-08-2024 16:13:03] INFO: AdminController getById: /admin/5065433124000
[23-08-2024 16:13:03] INFO: API GET: https://api.claris.su/main/vNext/v1/documents/5065433124000
[23-08-2024 16:13:03] INFO: Получение токена
[23-08-2024 16:13:03] ERROR: Ошибка авторизации  - получение нового токена по chat_id: undefined
[23-08-2024 16:13:03] ERROR: 401: Необходима авторизация в системе Кларис
[23-08-2024 16:16:22] INFO: AdminController getById: /admin/5065433124000
[23-08-2024 16:16:22] INFO: API GET: https://api.claris.su/main/vNext/v1/documents/5065433124000
[23-08-2024 16:16:22] INFO: Получение токена
[23-08-2024 16:16:22] ERROR: Ошибка авторизации  - получение нового токена по chat_id: undefined
[23-08-2024 16:16:22] ERROR: 401: Необходима авторизация в системе Кларис
[23-08-2024 16:17:05] INFO: AdminController getById: /admin/5065433124000?chat_id=311462440
[23-08-2024 16:17:05] INFO: API GET: https://api.claris.su/main/vNext/v1/documents/5065433124000
[23-08-2024 16:17:05] INFO: Получение токена
[23-08-2024 16:17:05] ERROR: Ошибка авторизации  - получение нового токена по chat_id: 311462440
[23-08-2024 16:17:05] ERROR: 401: Необходима авторизация в системе Кларис
[23-08-2024 16:25:08] INFO: AdminController getById: /admin/5065433124000?chat_id=311462440
[23-08-2024 16:25:08] INFO: API GET: https://api.claris.su/main/vNext/v1/documents/5065433124000
[23-08-2024 16:25:08] INFO: Получение токена
[23-08-2024 16:25:08] ERROR: Ошибка авторизации  - получение нового токена по chat_id: 311462440
[23-08-2024 16:25:08] ERROR: 401: Необходима авторизация в системе Кларис
[23-08-2024 16:29:45] INFO: AdminController getById: /admin/5065433124000?chat_id=311462440
[23-08-2024 16:29:45] INFO: API GET: https://api.claris.su/main/vNext/v1/documents/5065433124000
[23-08-2024 16:29:45] INFO: Получение токена
[23-08-2024 16:29:45] ERROR: Ошибка авторизации  - получение нового токена по chat_id: 311462440
[23-08-2024 16:29:45] ERROR: 401: Необходима авторизация в системе Кларис
[23-08-2024 16:34:00] INFO: AdminController getById: /admin/5065433124000?chat_id=311462440
[23-08-2024 16:34:00] INFO: API GET: https://api.claris.su/main/vNext/v1/documents/5065433124000
[23-08-2024 16:34:00] INFO: Получение токена
[23-08-2024 16:34:00] ERROR: Ошибка авторизации  - получение нового токена по chat_id: 311462440
[23-08-2024 16:34:00] ERROR: 401: Необходима авторизация в системе Кларис
[23-08-2024 17:22:22] INFO: AdminController getById: /admin/5065433124000?chat_id=311462440
[23-08-2024 17:22:22] INFO: API GET: https://api.claris.su/main/vNext/v1/documents/5065433124000
[23-08-2024 17:22:22] INFO: Получение токена
[23-08-2024 17:22:22] ERROR: Ошибка авторизации  - получение нового токена по chat_id: 311462440
[23-08-2024 17:22:22] ERROR: 401: Необходима авторизация в системе Кларис
[23-08-2024 17:24:11] INFO: AdminController getById: /admin/5065433124000?chat_id=311462440
[23-08-2024 17:24:11] INFO: API GET: https://api.claris.su/main/vNext/v1/documents/5065433124000
[23-08-2024 17:24:11] INFO: Получение токена
[23-08-2024 17:24:11] ERROR: Ошибка авторизации  - получение нового токена по chat_id: 311462440
[23-08-2024 17:24:11] ERROR: 401: Необходима авторизация в системе Кларис
