[26-08-2024 12:48:03] INFO: AdminController getById: /admin/5065433124000?chat_id=311462440
[26-08-2024 12:48:03] INFO: API GET: https://api.claris.su/main/vNext/v1/documents/5065433124000
[26-08-2024 12:50:46] INFO: AdminController getById: /admin/5065433124000?chat_id=311462440
[26-08-2024 12:50:46] INFO: API GET: https://api.claris.su/main/vNext/v1/documents/5065433124000
[26-08-2024 13:00:41] INFO: AdminController getById: /admin/5065433124000?chat_id=311462440
[26-08-2024 13:00:41] INFO: API GET: https://api.claris.su/main/vNext/v1/documents/5065433124000
[26-08-2024 13:03:56] INFO: AdminController getById: /admin/5065433124000?chat_id=311462440
[26-08-2024 13:03:56] INFO: API GET: https://api.claris.su/main/vNext/v1/documents/5065433124000
[26-08-2024 13:26:03] INFO: AdminController getById: /admin/5065433124000?chat_id=311462440
[26-08-2024 13:26:03] INFO: API GET: https://api.claris.su/main/vNext/v1/documents/5065433124000
[26-08-2024 13:26:04] INFO: Получение токена
[26-08-2024 13:26:04] ERROR: Ошибка авторизации  - получение нового токена по chat_id: 311462440
[26-08-2024 13:26:04] ERROR: 401: Необходима авторизация в системе Кларис
[26-08-2024 13:26:04] ERROR: Необходима авторизация в системе Кларис
[26-08-2024 13:26:56] INFO: AdminController getById: /admin/5065433124000?chat_id=311462440
[26-08-2024 13:26:56] INFO: API GET: https://api.claris.su/main/vNext/v1/documents/5065433124000
[26-08-2024 13:26:57] INFO: Получение токена
[26-08-2024 13:26:57] ERROR: Ошибка авторизации  - получение нового токена по chat_id: 311462440
[26-08-2024 13:26:57] ERROR: 401: Необходима авторизация в системе Кларис
[26-08-2024 13:26:57] ERROR: Необходима авторизация в системе Кларис
